[2025-11-10 15:11:02,437: INFO: yaml file: c:\Users\krishnadas\Projects\PhD Project\balance_continuous\config\config.yaml loaded successfully]
[2025-11-10 15:11:02,438: INFO: created directory at: artifacts]
[2025-11-10 15:11:02,440: INFO: created directory at: artifacts/data_ingestion]
[2025-11-10 16:07:36,850: INFO: yaml file: c:\Users\krishnadas\Projects\PhD Project\balance_continuous\config\config.yaml loaded successfully]
[2025-11-10 16:07:36,853: INFO: created directory at: artifacts]
[2025-11-10 16:07:36,855: INFO: created directory at: artifacts/data_ingestion]
[2025-11-10 16:12:03,101: INFO: yaml file: c:\Users\krishnadas\Projects\PhD Project\balance_continuous\config\config.yaml loaded successfully]
[2025-11-10 16:12:03,103: INFO: created directory at: artifacts]
[2025-11-10 16:12:03,104: INFO: created directory at: artifacts/data_ingestion]
[2025-11-10 16:12:26,246: ERROR: 
1 Failed download:]
[2025-11-10 16:12:26,249: ERROR: ['BRK.B']: YFTzMissingError('possibly delisted; no timezone found')]
[2025-11-10 16:13:09,415: INFO: yaml file: c:\Users\krishnadas\Projects\PhD Project\balance_continuous\config\config.yaml loaded successfully]
[2025-11-10 16:13:09,418: INFO: created directory at: artifacts]
[2025-11-10 16:13:09,420: INFO: created directory at: artifacts/data_ingestion]
[2025-11-10 16:13:30,030: ERROR: 
1 Failed download:]
[2025-11-10 16:13:30,032: ERROR: ['BRK.B']: YFTzMissingError('possibly delisted; no timezone found')]
[2025-11-11 12:28:54,312: INFO: yaml file: c:\Users\krishnadas\Projects\PhD Project\balance_continuous\config\config.yaml loaded successfully]
[2025-11-11 12:28:54,317: INFO: created directory at: artifacts]
[2025-11-11 12:28:54,320: INFO: created directory at: artifacts/data_ingestion]
[2025-11-11 12:29:20,524: ERROR: 
1 Failed download:]
[2025-11-11 12:29:20,526: ERROR: ['BRK.B']: YFTzMissingError('possibly delisted; no timezone found')]
[2025-11-11 12:35:26,745: INFO: yaml file: c:\Users\krishnadas\Projects\PhD Project\balance_continuous\config\config.yaml loaded successfully]
[2025-11-11 12:35:26,749: INFO: created directory at: artifacts]
[2025-11-11 12:35:26,753: INFO: created directory at: artifacts/data_ingestion]
